2025-12-19 20:00:35,767 | INFO | new_releases | Starting new_releases run_id=new_releases-20251220010035-cc1af9b2
2025-12-19 20:02:18,336 | INFO | new_releases | Starting new_releases run_id=new_releases-20251220010218-fece3401
2025-12-19 20:08:35,884 | INFO | new_releases | Starting new_releases run_id=new_releases-20251220010835-fc50478b
2025-12-19 20:08:35,909 | INFO | root | --- Starting Script vNew Release Finder v2.25 (Dry Run: False) ---
2025-12-19 20:16:06,463 | INFO | new_releases | Starting new_releases run_id=new_releases-20251220011606-e75a493d
2025-12-19 20:16:06,567 | INFO | root | --- Starting Script vNew Release Finder v2.25 (Dry Run: False) ---
2025-12-19 20:20:27,906 | INFO | new_releases | Starting new_releases run_id=new_releases-20251220012027-aee61541
2025-12-19 20:20:27,908 | INFO | root | --- Starting Script vNew Release Finder v2.25 (Dry Run: False) ---
2025-12-19 20:20:27,909 | ERROR | root | STREAMRIP_CONFIG is not set. (env var STREAMRIP_CONFIG)
2025-12-19 20:25:18,232 | INFO | new_releases | Starting new_releases run_id=new_releases-20251220012518-d261a171
2025-12-19 20:25:18,234 | INFO | root | --- Starting Script vNew Release Finder v2.25 (Dry Run: False) ---
2025-12-19 20:25:18,667 | INFO | root | streamrip healthcheck exit_code=2
2025-12-19 20:25:18,668 | INFO | root | streamrip healthcheck output (tail):
Usage: rip [OPTIONS] COMMAND [ARGS]...
Try 'rip --help' for help.

Error: No such command 'healthcheck'.
2025-12-19 20:25:18,669 | ERROR | root | streamrip healthcheck failed (non-zero exit).
2025-12-19 20:41:36,413 | INFO | new_releases | Starting new_releases run_id=new_releases-20251220014136-87812f3f
2025-12-19 20:41:36,437 | INFO | root | --- Starting Script vNew Release Finder v2.25 (Dry Run: False) ---
2025-12-19 20:41:38,460 | WARNING | root | streamrip probe failed (non-auth). Continuing.
2025-12-19 20:41:38,462 | WARNING | root | streamrip probe output (tail):
Usage: rip search [OPTIONS] SOURCE MEDIA_TYPE QUERY
Try 'rip search --help' for help.

Error: No such option: --limit
2025-12-19 20:46:26,962 | INFO | new_releases | Starting new_releases run_id=new_releases-20251220014626-96830a78
2025-12-19 20:46:26,964 | INFO | root | --- Starting Script vNew Release Finder v2.25 (Dry Run: False) ---
2025-12-19 20:46:46,997 | WARNING | root | streamrip probe timed out. Continuing.
2025-12-20 09:47:13,055 | INFO | new_releases | Starting new_releases run_id=new_releases-20251220144713-791d0f8d
2025-12-20 09:47:13,074 | INFO | root | --- Starting Script vNew Release Finder v2.25 (Dry Run: False) ---
2025-12-20 11:29:05,095 | INFO | new_releases | Starting new_releases run_id=new_releases-20251220162905-1657a9a4
2025-12-20 11:29:05,109 | INFO | root | --- Starting Script vNew Release Finder v2.25 (Dry Run: False) ---
2025-12-20 14:27:58,896 | INFO | new_releases | Starting new_releases run_id=new_releases-20251220192758-90ac0c7d
2025-12-20 14:27:58,898 | INFO | root | --- Starting Script vNew Release Finder v2.25 (Dry Run: False) ---
2025-12-20 14:27:58,899 | INFO | new_releases | Overrides: DRY_RUN=True DEBUG_SINGLE_ARTIST=Daft Punk DAYS_AGO=365 MIN_SCROBBLES=0
2025-12-20 14:27:58,899 | INFO | new_releases | Overrides: DRY_RUN=True DEBUG_SINGLE_ARTIST=Daft Punk DAYS_AGO=365 MIN_SCROBBLES=0
2025-12-20 14:52:49,116 | INFO | new_releases | Starting new_releases run_id=new_releases-20251220195249-fa7f9f8c
2025-12-20 14:52:49,118 | INFO | root | --- Starting Script vNew Release Finder v2.25 ---
2025-12-20 14:52:50,323 | INFO | new_releases | Starting new_releases run_id=new_releases-20251220195250-59c7b271
2025-12-20 14:52:50,325 | INFO | root | --- Starting Script vNew Release Finder v2.25 ---
2025-12-20 16:36:02,125 | INFO | new_releases | Starting new_releases run_id=new_releases-20251220163602-2a701cf3
2025-12-20 16:36:02,150 | INFO | new_releases | --- Starting Script vNew Release Finder v2.25 ---
2025-12-20 16:36:02,151 | INFO | new_releases | --- Run Mode (effective): Dry Run: True ---
2025-12-20 16:36:02,151 | INFO | new_releases | Overrides: DEBUG_SINGLE_ARTIST=Daft Punk DAYS_AGO=3650 MIN_SCROBBLES=0
2025-12-20 16:36:02,152 | ERROR | new_releases | Service Connection Failed: No client_id. Pass it or set a SPOTIPY_CLIENT_ID environment variable.
Traceback (most recent call last):
  File "/mnt/user/data/scripts/rythmx/app/runners/new_releases.py", line 369, in main
    auth_manager=SpotifyClientCredentials(
                 ^^^^^^^^^^^^^^^^^^^^^^^^^
  File "/mnt/user/data/scripts/rythmx/venv/lib64/python3.11/site-packages/spotipy/oauth2.py", line 172, in __init__
    self.client_id = client_id
    ^^^^^^^^^^^^^^
  File "/mnt/user/data/scripts/rythmx/venv/lib64/python3.11/site-packages/spotipy/oauth2.py", line 67, in client_id
    self._client_id = _ensure_value(val, "client_id")
                      ^^^^^^^^^^^^^^^^^^^^^^^^^^^^^^^
  File "/mnt/user/data/scripts/rythmx/venv/lib64/python3.11/site-packages/spotipy/oauth2.py", line 43, in _ensure_value
    raise SpotifyOauthError(msg)
spotipy.exceptions.SpotifyOauthError: No client_id. Pass it or set a SPOTIPY_CLIENT_ID environment variable.
2025-12-20 16:41:00,338 | INFO | new_releases | Starting new_releases run_id=new_releases-20251220164100-e1d437c4
2025-12-20 16:41:00,352 | INFO | new_releases | --- Starting Script vNew Release Finder v2.25 ---
2025-12-20 16:41:00,352 | INFO | new_releases | --- Run Mode (effective): Dry Run: True ---
2025-12-20 16:41:00,352 | INFO | new_releases | Overrides: DEBUG_SINGLE_ARTIST=Daft Punk DAYS_AGO=3650 MIN_SCROBBLES=0
2025-12-20 16:41:00,356 | ERROR | new_releases | Service Connection Failed: (401) unauthorized; http://localhost:32400/ <html><head><script>window.location = window.location.href.match(/(^.+\/)[^\/]*$/)[1] + 'web/index.html';</script><title>Unauthorized</title></head><body><h1>401 Unauthorized</h1></body></html>
Traceback (most recent call last):
  File "/mnt/user/data/scripts/rythmx/app/runners/new_releases.py", line 375, in main
    plex = PlexServer(PLEX_URL, PLEX_TOKEN, timeout=30)
           ^^^^^^^^^^^^^^^^^^^^^^^^^^^^^^^^^^^^^^^^^^^^
  File "/mnt/user/data/scripts/rythmx/venv/lib64/python3.11/site-packages/plexapi/server.py", line 111, in __init__
    data = self.query(self.key, timeout=self._timeout)
           ^^^^^^^^^^^^^^^^^^^^^^^^^^^^^^^^^^^^^^^^^^^
  File "/mnt/user/data/scripts/rythmx/venv/lib64/python3.11/site-packages/plexapi/server.py", line 769, in query
    raise Unauthorized(message)
plexapi.exceptions.Unauthorized: (401) unauthorized; http://localhost:32400/ <html><head><script>window.location = window.location.href.match(/(^.+\/)[^\/]*$/)[1] + 'web/index.html';</script><title>Unauthorized</title></head><body><h1>401 Unauthorized</h1></body></html>
2025-12-20 17:08:06,685 | INFO | new_releases | Starting new_releases run_id=new_releases-20251220170806-dd3327ab
2025-12-20 17:08:06,702 | INFO | new_releases | --- Starting Script vNew Release Finder v2.25 ---
2025-12-20 17:08:06,702 | INFO | new_releases | --- Run Mode (effective): Dry Run: True ---
2025-12-20 17:08:06,702 | INFO | new_releases | Overrides: DEBUG_SINGLE_ARTIST=Daft Punk DAYS_AGO=3650 MIN_SCROBBLES=0
2025-12-20 17:08:09,028 | INFO | new_releases | Found 0 total core artists.
2025-12-20 17:08:09,029 | INFO | new_releases | Checking Spotify for new releases from the last 3650 days...
2025-12-20 17:08:09,029 | INFO | new_releases | get_new_releases returned releases=0 skipped=0
2025-12-20 17:08:09,029 | INFO | new_releases | --- Evaluating 0 new albums & EPs... ---
2025-12-20 17:08:09,029 | INFO | new_releases | --- Evaluating 0 new singles... ---
2025-12-20 17:08:09,029 | INFO | new_releases | Final download queue has 0 releases.
2025-12-20 17:08:09,029 | INFO | new_releases | --- Dry run complete ---
2025-12-20 17:11:14,907 | INFO | new_releases | Starting new_releases run_id=new_releases-20251220171114-97cb094a
2025-12-20 17:11:14,910 | INFO | new_releases | --- Starting Script vNew Release Finder v2.25 ---
2025-12-20 17:11:14,910 | INFO | new_releases | --- Run Mode (effective): Dry Run: True ---
2025-12-20 17:11:14,910 | INFO | new_releases | Overrides: DEBUG_SINGLE_ARTIST=Daft Punk DAYS_AGO=3650 MIN_SCROBBLES=0
2025-12-20 17:11:16,490 | INFO | new_releases | Found 0 total core artists.
2025-12-20 17:11:16,491 | INFO | new_releases | Checking Spotify for new releases from the last 3650 days...
2025-12-20 17:11:16,491 | INFO | new_releases | get_new_releases returned releases=0 skipped=0
2025-12-20 17:11:16,491 | INFO | new_releases | --- Evaluating 0 new albums & EPs... ---
2025-12-20 17:11:16,491 | INFO | new_releases | --- Evaluating 0 new singles... ---
2025-12-20 17:11:16,491 | INFO | new_releases | Final download queue has 0 releases.
2025-12-20 17:11:16,491 | INFO | new_releases | --- Dry run complete ---
2025-12-20 17:11:42,840 | INFO | new_releases | Starting new_releases run_id=new_releases-20251220171142-bbf405e2
2025-12-20 17:11:42,843 | INFO | new_releases | --- Starting Script vNew Release Finder v2.25 ---
2025-12-20 17:11:42,843 | INFO | new_releases | --- Run Mode (effective): Dry Run: True ---
2025-12-20 17:11:42,843 | INFO | new_releases | Overrides: DEBUG_SINGLE_ARTIST=Ballyhoo DAYS_AGO=3650 MIN_SCROBBLES=0
2025-12-20 17:11:44,871 | INFO | new_releases | Found 0 total core artists.
2025-12-20 17:11:44,872 | INFO | new_releases | Checking Spotify for new releases from the last 3650 days...
2025-12-20 17:11:44,872 | INFO | new_releases | get_new_releases returned releases=0 skipped=0
2025-12-20 17:11:44,872 | INFO | new_releases | --- Evaluating 0 new albums & EPs... ---
2025-12-20 17:11:44,872 | INFO | new_releases | --- Evaluating 0 new singles... ---
2025-12-20 17:11:44,872 | INFO | new_releases | Final download queue has 0 releases.
2025-12-20 17:11:44,872 | INFO | new_releases | --- Dry run complete ---
2025-12-20 17:42:09,032 | INFO | new_releases | Starting new_releases run_id=new_releases-20251220174209-046278ff
2025-12-20 17:42:09,046 | INFO | new_releases | --- Starting Script vNew Release Finder v2.25 ---
2025-12-20 17:42:09,046 | INFO | new_releases | --- Run Mode (effective): Dry Run: True ---
2025-12-20 17:42:09,046 | INFO | new_releases | Overrides: DEBUG_SINGLE_ARTIST=Daft Punk DAYS_AGO=3650 MIN_SCROBBLES=0
2025-12-20 17:42:39,106 | INFO | new_releases | Starting new_releases run_id=new_releases-20251220174239-e24c7520
2025-12-20 17:42:39,109 | INFO | new_releases | --- Starting Script vNew Release Finder v2.25 ---
2025-12-20 17:42:39,109 | INFO | new_releases | --- Run Mode (effective): Dry Run: True ---
2025-12-20 17:42:39,109 | INFO | new_releases | Overrides: DEBUG_SINGLE_ARTIST=Daft Punk DAYS_AGO=3650 MIN_SCROBBLES=0
2025-12-20 17:51:06,771 | INFO | new_releases | Starting new_releases run_id=new_releases-20251220175106-a18874d4
2025-12-20 17:51:06,773 | INFO | new_releases | --- Starting Script vNew Release Finder v2.25 ---
2025-12-20 17:51:06,773 | INFO | new_releases | --- Run Mode (effective): Dry Run: True ---
2025-12-20 17:51:06,773 | INFO | new_releases | Overrides: DEBUG_SINGLE_ARTIST=Daft Punk DAYS_AGO=3650 MIN_SCROBBLES=0
2025-12-20 17:51:06,784 | INFO | new_releases | Overrides: DEBUG_SINGLE_ARTIST=Daft Punk DAYS_AGO=3650 MIN_SCROBBLES=0
2025-12-20 17:51:23,445 | INFO | new_releases | Found 0 total core artists.
2025-12-20 17:51:23,445 | INFO | new_releases | Checking Spotify for new releases from the last 3650 days...
2025-12-20 17:51:23,446 | INFO | new_releases | get_new_releases returned releases=0 skipped=0
2025-12-20 17:51:23,446 | INFO | new_releases | --- Evaluating 0 new albums & EPs... ---
2025-12-20 17:51:23,446 | INFO | new_releases | --- Evaluating 0 new singles... ---
2025-12-20 17:51:23,446 | INFO | new_releases | Final download queue has 0 releases.
2025-12-20 17:51:23,446 | INFO | new_releases | --- Dry run complete ---
2025-12-20 17:58:04,380 | INFO | new_releases | Starting new_releases run_id=new_releases-20251220175804-1dceaa22
2025-12-20 17:58:04,382 | INFO | new_releases | --- Starting Script vNew Release Finder v2.25 ---
2025-12-20 17:58:04,382 | INFO | new_releases | --- Run Mode (effective): Dry Run: True ---
2025-12-20 17:58:04,382 | INFO | new_releases | Overrides: DEBUG_SINGLE_ARTIST=Daft Punk DAYS_AGO=3650 MIN_SCROBBLES=0
2025-12-20 17:58:04,391 | INFO | new_releases | Overrides: DEBUG_SINGLE_ARTIST=Daft Punk DAYS_AGO=3650 MIN_SCROBBLES=0
2025-12-20 17:58:06,021 | INFO | new_releases | Found 0 total core artists.
2025-12-20 17:58:06,021 | INFO | new_releases | Checking Spotify for new releases from the last 3650 days...
2025-12-20 17:58:06,021 | INFO | new_releases | get_new_releases returned releases=0 skipped=0
2025-12-20 17:58:06,021 | INFO | new_releases | --- Evaluating 0 new albums & EPs... ---
2025-12-20 17:58:06,021 | INFO | new_releases | --- Evaluating 0 new singles... ---
2025-12-20 17:58:06,021 | INFO | new_releases | Final download queue has 0 releases.
2025-12-20 17:58:06,021 | INFO | new_releases | --- Dry run complete ---
2025-12-20 18:03:35,561 | INFO | new_releases | Starting new_releases run_id=new_releases-20251220180335-554cba4a
2025-12-20 18:03:35,563 | INFO | new_releases | --- Starting Script vNew Release Finder v2.25 ---
2025-12-20 18:03:35,563 | INFO | new_releases | --- Run Mode (effective): Dry Run: True ---
2025-12-20 18:03:35,563 | INFO | new_releases | Overrides: DEBUG_SINGLE_ARTIST=Daft Punk DAYS_AGO=3650 MIN_SCROBBLES=0
2025-12-20 18:03:35,571 | INFO | new_releases | Overrides: DEBUG_SINGLE_ARTIST=Daft Punk DAYS_AGO=3650 MIN_SCROBBLES=0
2025-12-20 18:03:40,890 | INFO | new_releases | Last.fm sample top artists: 'Ballyhoo!' pc=2546 | 'The Holdup' pc=1972 | 'The Movement' pc=1317
2025-12-20 18:03:40,890 | INFO | new_releases | Found 0 total core artists (period=overall min_scrobbles=0 debug_single_artist='Daft Punk').
2025-12-20 18:03:40,891 | INFO | new_releases | Checking Spotify for new releases from the last 3650 days...
2025-12-20 18:03:40,891 | INFO | new_releases | get_new_releases returned releases=0 skipped=0
2025-12-20 18:03:40,891 | INFO | new_releases | --- Evaluating 0 new albums & EPs... ---
2025-12-20 18:03:40,891 | INFO | new_releases | --- Evaluating 0 new singles... ---
2025-12-20 18:03:40,891 | INFO | new_releases | Final download queue has 0 releases.
2025-12-20 18:03:40,891 | INFO | new_releases | --- Dry run complete ---
2025-12-20 18:04:56,504 | INFO | new_releases | Starting new_releases run_id=new_releases-20251220180456-13bc0d81
2025-12-20 18:04:56,506 | INFO | new_releases | --- Starting Script vNew Release Finder v2.25 ---
2025-12-20 18:04:56,507 | INFO | new_releases | --- Run Mode (effective): Dry Run: True ---
2025-12-20 18:04:56,507 | INFO | new_releases | Overrides: DEBUG_SINGLE_ARTIST=Ballyhoo! DAYS_AGO=3650 MIN_SCROBBLES=0
2025-12-20 18:04:56,514 | INFO | new_releases | Overrides: DEBUG_SINGLE_ARTIST=Ballyhoo! DAYS_AGO=3650 MIN_SCROBBLES=0
2025-12-20 18:05:10,422 | INFO | new_releases | Last.fm sample top artists: 'Ballyhoo!' pc=2546 | 'The Holdup' pc=1972 | 'The Movement' pc=1317
2025-12-20 18:05:10,423 | INFO | new_releases | Found 1 total core artists (period=overall min_scrobbles=0 debug_single_artist='Ballyhoo!').
2025-12-20 18:05:10,423 | INFO | new_releases | Checking Spotify for new releases from the last 3650 days...
2025-12-20 18:05:11,281 | INFO | new_releases | Found new release from 'Ballyhoo!': 'SELF EMPLOYED'
2025-12-20 18:05:11,725 | WARNING | new_releases | Tracking write failed (non-fatal): column "meta" of relation "release" does not exist
LINE 2: ...           INSERT INTO release (spotify_album_id, meta, firs...
                                                             ^

2025-12-20 18:05:11,725 | INFO | new_releases | Found new release from 'Ballyhoo!': 'Johnny Quest Thinks We're Sellouts'
2025-12-20 18:05:11,892 | WARNING | new_releases | Tracking write failed (non-fatal): current transaction is aborted, commands ignored until end of transaction block

2025-12-20 18:05:11,892 | INFO | new_releases | Found new release from 'Ballyhoo!': 'SWIM'
2025-12-20 18:05:12,125 | WARNING | new_releases | Tracking write failed (non-fatal): current transaction is aborted, commands ignored until end of transaction block

2025-12-20 18:05:12,125 | INFO | new_releases | Found new release from 'Ballyhoo!': 'Close to Me'
2025-12-20 18:05:12,396 | WARNING | new_releases | Tracking write failed (non-fatal): current transaction is aborted, commands ignored until end of transaction block

2025-12-20 18:05:12,396 | INFO | new_releases | Found new release from 'Ballyhoo!': 'ICARUS'
2025-12-20 18:05:12,684 | WARNING | new_releases | Tracking write failed (non-fatal): current transaction is aborted, commands ignored until end of transaction block

2025-12-20 18:05:12,684 | INFO | new_releases | Found new release from 'Ballyhoo!': 'Meaningful'
2025-12-20 18:05:12,794 | WARNING | new_releases | Tracking write failed (non-fatal): current transaction is aborted, commands ignored until end of transaction block

2025-12-20 18:05:12,794 | INFO | new_releases | get_new_releases returned releases=6 skipped=0
2025-12-20 18:05:12,794 | INFO | new_releases | --- Evaluating 3 new albums & EPs... ---
2025-12-20 18:05:26,904 | INFO | new_releases | --- Evaluating 3 new singles... ---
2025-12-20 18:05:32,708 | INFO | new_releases | Final download queue has 0 releases.
2025-12-20 18:05:32,709 | INFO | new_releases | --- Saving fallback playlist to: /mnt/user/data/scripts/rythmx/app/runners/playlist_fallback/New Releases - 2025-12-20.csv ---
2025-12-20 18:05:32,710 | INFO | new_releases | --- Dry run complete ---
2025-12-20 20:16:37,923 | INFO | new_releases | Starting new_releases run_id=new_releases-20251220201637-e59d0a16
2025-12-20 20:16:37,938 | INFO | new_releases | Tracking backend=dual db_enabled=False state_dir=/mnt/user/data/scripts/rythmx/state
2025-12-20 20:16:37,938 | INFO | new_releases | --- Starting Script vNew Release Finder v2.25 ---
2025-12-20 20:16:37,938 | INFO | new_releases | --- Run Mode (effective): Dry Run: True ---
2025-12-20 20:16:37,939 | INFO | new_releases | Overrides: DEBUG_SINGLE_ARTIST=Ballyhoo! DAYS_AGO=3650 MIN_SCROBBLES=0
2025-12-20 20:16:37,960 | INFO | new_releases | Overrides: DEBUG_SINGLE_ARTIST=Ballyhoo! DAYS_AGO=3650 MIN_SCROBBLES=0
2025-12-20 20:16:41,782 | INFO | new_releases | Last.fm sample top artists: 'Ballyhoo!' pc=2546 | 'The Holdup' pc=1972 | 'The Movement' pc=1317
2025-12-20 20:16:41,784 | INFO | new_releases | Found 1 total core artists (period=overall min_scrobbles=0 debug_single_artist='Ballyhoo!').
2025-12-20 20:16:41,785 | INFO | new_releases | Checking Spotify for new releases from the last 3650 days...
2025-12-20 20:16:42,600 | INFO | new_releases | Found new release from 'Ballyhoo!': 'SELF EMPLOYED'
2025-12-20 20:16:42,952 | WARNING | new_releases | Tracking write failed (non-fatal): column "meta" of relation "release" does not exist
LINE 2: ...           INSERT INTO release (spotify_album_id, meta, firs...
                                                             ^

2025-12-20 20:16:42,952 | INFO | new_releases | Found new release from 'Ballyhoo!': 'Johnny Quest Thinks We're Sellouts'
2025-12-20 20:16:43,095 | WARNING | new_releases | Tracking write failed (non-fatal): current transaction is aborted, commands ignored until end of transaction block

2025-12-20 20:16:43,095 | INFO | new_releases | Found new release from 'Ballyhoo!': 'SWIM'
2025-12-20 20:16:43,260 | WARNING | new_releases | Tracking write failed (non-fatal): current transaction is aborted, commands ignored until end of transaction block

2025-12-20 20:16:43,260 | INFO | new_releases | Found new release from 'Ballyhoo!': 'Close to Me'
2025-12-20 20:16:43,442 | WARNING | new_releases | Tracking write failed (non-fatal): current transaction is aborted, commands ignored until end of transaction block

2025-12-20 20:16:43,442 | INFO | new_releases | Found new release from 'Ballyhoo!': 'ICARUS'
2025-12-20 20:16:43,566 | WARNING | new_releases | Tracking write failed (non-fatal): current transaction is aborted, commands ignored until end of transaction block

2025-12-20 20:16:43,566 | INFO | new_releases | Found new release from 'Ballyhoo!': 'Meaningful'
2025-12-20 20:16:43,703 | WARNING | new_releases | Tracking write failed (non-fatal): current transaction is aborted, commands ignored until end of transaction block

2025-12-20 20:16:43,703 | INFO | new_releases | get_new_releases returned releases=6 skipped=0
2025-12-20 20:16:43,703 | INFO | new_releases | --- Evaluating 3 new albums & EPs... ---
2025-12-20 20:16:59,814 | INFO | new_releases | --- Evaluating 3 new singles... ---
2025-12-20 20:17:06,441 | INFO | new_releases | Final download queue has 0 releases.
2025-12-20 20:17:06,443 | INFO | new_releases | --- Saving fallback playlist to: /mnt/user/data/scripts/rythmx/app/runners/playlist_fallback/New Releases - 2025-12-20.csv ---
2025-12-20 20:17:06,444 | INFO | new_releases | --- Dry run complete ---
2025-12-20 20:25:40,696 | INFO | new_releases | Starting new_releases run_id=new_releases-20251220202540-00562514
2025-12-20 20:25:40,698 | INFO | new_releases | Tracking backend=dual db_enabled=False state_dir=/mnt/user/data/scripts/rythmx/state
2025-12-20 20:25:40,698 | INFO | new_releases | --- Starting Script vNew Release Finder v2.25 ---
2025-12-20 20:25:40,698 | INFO | new_releases | --- Run Mode (effective): Dry Run: True ---
2025-12-20 20:25:40,698 | INFO | new_releases | Overrides: DEBUG_SINGLE_ARTIST=Ballyhoo! DAYS_AGO=3650 MIN_SCROBBLES=0
2025-12-20 20:25:40,706 | INFO | new_releases | Overrides: DEBUG_SINGLE_ARTIST=Ballyhoo! DAYS_AGO=3650 MIN_SCROBBLES=0
2025-12-20 20:25:42,689 | INFO | new_releases | Last.fm sample top artists: 'Ballyhoo!' pc=2546 | 'The Holdup' pc=1972 | 'The Movement' pc=1317
2025-12-20 20:25:42,689 | INFO | new_releases | Found 1 total core artists (period=overall min_scrobbles=0 debug_single_artist='Ballyhoo!').
2025-12-20 20:25:42,690 | INFO | new_releases | Checking Spotify for new releases from the last 3650 days...
2025-12-20 20:25:43,395 | INFO | new_releases | Found new release from 'Ballyhoo!': 'SELF EMPLOYED'
2025-12-20 20:25:43,609 | WARNING | new_releases | Tracking write failed (non-fatal): name 'RealDictCursor' is not defined
2025-12-20 20:25:43,609 | INFO | new_releases | Found new release from 'Ballyhoo!': 'Johnny Quest Thinks We're Sellouts'
2025-12-20 20:25:43,868 | WARNING | new_releases | Tracking write failed (non-fatal): name 'RealDictCursor' is not defined
2025-12-20 20:25:43,868 | INFO | new_releases | Found new release from 'Ballyhoo!': 'SWIM'
2025-12-20 20:25:44,045 | WARNING | new_releases | Tracking write failed (non-fatal): name 'RealDictCursor' is not defined
2025-12-20 20:25:44,045 | INFO | new_releases | Found new release from 'Ballyhoo!': 'Close to Me'
2025-12-20 20:25:44,185 | WARNING | new_releases | Tracking write failed (non-fatal): name 'RealDictCursor' is not defined
2025-12-20 20:25:44,185 | INFO | new_releases | Found new release from 'Ballyhoo!': 'ICARUS'
2025-12-20 20:25:44,307 | WARNING | new_releases | Tracking write failed (non-fatal): name 'RealDictCursor' is not defined
2025-12-20 20:25:44,307 | INFO | new_releases | Found new release from 'Ballyhoo!': 'Meaningful'
2025-12-20 20:25:44,602 | WARNING | new_releases | Tracking write failed (non-fatal): name 'RealDictCursor' is not defined
2025-12-20 20:25:44,602 | INFO | new_releases | get_new_releases returned releases=6 skipped=0
2025-12-20 20:25:44,602 | INFO | new_releases | --- Evaluating 3 new albums & EPs... ---
2025-12-20 20:25:58,616 | INFO | new_releases | --- Evaluating 3 new singles... ---
2025-12-20 20:26:04,514 | INFO | new_releases | Final download queue has 0 releases.
2025-12-20 20:26:04,516 | INFO | new_releases | --- Saving fallback playlist to: /mnt/user/data/scripts/rythmx/app/runners/playlist_fallback/New Releases - 2025-12-20.csv ---
2025-12-20 20:26:04,517 | INFO | new_releases | --- Dry run complete ---
2025-12-20 20:30:21,151 | INFO | new_releases | Starting new_releases run_id=new_releases-20251220203021-fd1e7e2f
2025-12-20 20:30:21,154 | INFO | new_releases | Tracking backend=dual db_enabled=False state_dir=/mnt/user/data/scripts/rythmx/state
2025-12-20 20:30:21,154 | INFO | new_releases | --- Starting Script vNew Release Finder v2.25 ---
2025-12-20 20:30:21,154 | INFO | new_releases | --- Run Mode (effective): Dry Run: True ---
2025-12-20 20:30:21,154 | INFO | new_releases | Overrides: DEBUG_SINGLE_ARTIST=Ballyhoo! DAYS_AGO=3650 MIN_SCROBBLES=0
2025-12-20 20:30:21,162 | INFO | new_releases | Overrides: DEBUG_SINGLE_ARTIST=Ballyhoo! DAYS_AGO=3650 MIN_SCROBBLES=0
2025-12-20 20:30:22,992 | INFO | new_releases | Last.fm sample top artists: 'Ballyhoo!' pc=2546 | 'The Holdup' pc=1972 | 'The Movement' pc=1317
2025-12-20 20:30:22,993 | INFO | new_releases | Found 1 total core artists (period=overall min_scrobbles=0 debug_single_artist='Ballyhoo!').
2025-12-20 20:30:22,993 | INFO | new_releases | Checking Spotify for new releases from the last 3650 days...
2025-12-20 20:30:23,718 | INFO | new_releases | Found new release from 'Ballyhoo!': 'SELF EMPLOYED'
2025-12-20 20:30:23,975 | INFO | new_releases | Found new release from 'Ballyhoo!': 'Johnny Quest Thinks We're Sellouts'
2025-12-20 20:30:24,129 | INFO | new_releases | Found new release from 'Ballyhoo!': 'SWIM'
2025-12-20 20:30:24,278 | INFO | new_releases | Found new release from 'Ballyhoo!': 'Close to Me'
2025-12-20 20:30:24,474 | INFO | new_releases | Found new release from 'Ballyhoo!': 'ICARUS'
2025-12-20 20:30:24,655 | INFO | new_releases | Found new release from 'Ballyhoo!': 'Meaningful'
2025-12-20 20:30:24,814 | INFO | new_releases | get_new_releases returned releases=6 skipped=0
2025-12-20 20:30:24,814 | INFO | new_releases | --- Evaluating 3 new albums & EPs... ---
2025-12-20 20:30:38,920 | INFO | new_releases | --- Evaluating 3 new singles... ---
2025-12-20 20:30:44,979 | INFO | new_releases | Final download queue has 0 releases.
2025-12-20 20:30:44,980 | INFO | new_releases | --- Saving fallback playlist to: /mnt/user/data/scripts/rythmx/app/runners/playlist_fallback/New Releases - 2025-12-20.csv ---
2025-12-20 20:30:44,981 | INFO | new_releases | --- Dry run complete ---
2025-12-20 20:37:07,043 | INFO | new_releases | Starting new_releases run_id=new_releases-20251220203707-9b7a65b2
2025-12-20 20:37:07,045 | INFO | new_releases | Tracking backend=dual db_enabled=True state_dir=/mnt/user/data/scripts/rythmx/state
2025-12-20 20:37:07,045 | INFO | new_releases | --- Starting Script vNew Release Finder v2.25 ---
2025-12-20 20:37:07,045 | INFO | new_releases | --- Run Mode (effective): Dry Run: True ---
2025-12-20 20:37:07,046 | INFO | new_releases | Overrides: DEBUG_SINGLE_ARTIST=Ballyhoo! DAYS_AGO=3650 MIN_SCROBBLES=0
2025-12-20 20:37:07,054 | INFO | new_releases | Overrides: DEBUG_SINGLE_ARTIST=Ballyhoo! DAYS_AGO=3650 MIN_SCROBBLES=0
2025-12-20 20:37:09,065 | INFO | new_releases | Last.fm sample top artists: 'Ballyhoo!' pc=2546 | 'The Holdup' pc=1972 | 'The Movement' pc=1317
2025-12-20 20:37:09,066 | INFO | new_releases | Found 1 total core artists (period=overall min_scrobbles=0 debug_single_artist='Ballyhoo!').
2025-12-20 20:37:09,066 | INFO | new_releases | Checking Spotify for new releases from the last 3650 days...
2025-12-20 20:37:09,807 | INFO | new_releases | Found new release from 'Ballyhoo!': 'SELF EMPLOYED'
2025-12-20 20:37:10,293 | INFO | new_releases | Found new release from 'Ballyhoo!': 'Johnny Quest Thinks We're Sellouts'
2025-12-20 20:37:10,491 | INFO | new_releases | Found new release from 'Ballyhoo!': 'SWIM'
2025-12-20 20:37:10,676 | INFO | new_releases | Found new release from 'Ballyhoo!': 'Close to Me'
2025-12-20 20:37:10,873 | INFO | new_releases | Found new release from 'Ballyhoo!': 'ICARUS'
2025-12-20 20:37:11,022 | INFO | new_releases | Found new release from 'Ballyhoo!': 'Meaningful'
2025-12-20 20:37:11,279 | INFO | new_releases | get_new_releases returned releases=6 skipped=0
2025-12-20 20:37:11,280 | INFO | new_releases | --- Evaluating 3 new albums & EPs... ---
2025-12-20 20:37:26,582 | INFO | new_releases | --- Evaluating 3 new singles... ---
2025-12-20 20:37:32,932 | INFO | new_releases | Final download queue has 0 releases.
2025-12-20 20:37:32,933 | INFO | new_releases | --- Saving fallback playlist to: /mnt/user/data/scripts/rythmx/app/runners/playlist_fallback/New Releases - 2025-12-20.csv ---
2025-12-20 20:37:32,934 | INFO | new_releases | --- Dry run complete ---
2025-12-20 21:30:50,668 | INFO | new_releases | Starting new_releases run_id=new_releases-20251220213050-c8df6b87
2025-12-20 21:30:50,670 | INFO | new_releases | Tracking backend=dual db_enabled=True state_dir=/mnt/user/data/scripts/rythmx/state
2025-12-20 21:30:50,670 | INFO | new_releases | --- Starting Script vNew Release Finder v2.25 ---
2025-12-20 21:30:50,671 | INFO | new_releases | --- Run Mode (effective): Dry Run: True ---
2025-12-20 21:30:50,671 | INFO | new_releases | Overrides: DEBUG_SINGLE_ARTIST=Ballyhoo! DAYS_AGO=3650 MIN_SCROBBLES=0
2025-12-20 21:30:50,679 | INFO | new_releases | Overrides: DEBUG_SINGLE_ARTIST=Ballyhoo! DAYS_AGO=3650 MIN_SCROBBLES=0
2025-12-20 21:30:52,181 | INFO | new_releases | Last.fm sample top artists: 'Ballyhoo!' pc=2546 | 'The Holdup' pc=1972 | 'The Movement' pc=1317
2025-12-20 21:30:52,182 | INFO | new_releases | Found 1 total core artists (period=overall min_scrobbles=0 debug_single_artist='Ballyhoo!').
2025-12-20 21:30:52,182 | INFO | new_releases | Checking Spotify for new releases from the last 3650 days...
2025-12-20 21:30:53,021 | INFO | new_releases | get_new_releases returned releases=0 skipped=0
2025-12-20 21:30:53,022 | INFO | new_releases | --- Evaluating 0 new albums & EPs... ---
2025-12-20 21:30:53,022 | INFO | new_releases | --- Evaluating 0 new singles... ---
2025-12-20 21:30:53,022 | INFO | new_releases | Final download queue has 0 releases.
2025-12-20 21:30:53,022 | INFO | new_releases | --- Dry run complete ---
2025-12-20 21:34:52,042 | INFO | new_releases | Starting new_releases run_id=new_releases-20251220213452-d15ed0b6
2025-12-20 21:34:52,044 | INFO | new_releases | Tracking backend=dual db_enabled=True state_dir=/mnt/user/data/scripts/rythmx/state
2025-12-20 21:34:52,044 | INFO | new_releases | --- Starting Script vNew Release Finder v2.25 ---
2025-12-20 21:34:52,044 | INFO | new_releases | --- Run Mode (effective): Dry Run: True ---
2025-12-20 21:34:52,044 | INFO | new_releases | Overrides: DEBUG_SINGLE_ARTIST=The Holdup DAYS_AGO=3650 MIN_SCROBBLES=0
2025-12-20 21:34:52,052 | INFO | new_releases | Overrides: DEBUG_SINGLE_ARTIST=The Holdup DAYS_AGO=3650 MIN_SCROBBLES=0
2025-12-20 21:34:53,582 | INFO | new_releases | Last.fm sample top artists: 'Ballyhoo!' pc=2546 | 'The Holdup' pc=1972 | 'The Movement' pc=1317
2025-12-20 21:34:53,583 | INFO | new_releases | Found 1 total core artists (period=overall min_scrobbles=0 debug_single_artist='The Holdup').
2025-12-20 21:34:53,583 | INFO | new_releases | Checking Spotify for new releases from the last 3650 days...
2025-12-20 21:34:54,273 | INFO | new_releases | get_new_releases returned releases=0 skipped=0
2025-12-20 21:34:54,273 | INFO | new_releases | --- Evaluating 0 new albums & EPs... ---
2025-12-20 21:34:54,273 | INFO | new_releases | --- Evaluating 0 new singles... ---
2025-12-20 21:34:54,274 | INFO | new_releases | Final download queue has 0 releases.
2025-12-20 21:34:54,274 | INFO | new_releases | --- Dry run complete ---
2025-12-20 21:47:20,167 | INFO | new_releases | Starting new_releases run_id=new_releases-20251220214720-88f4ee26
2025-12-20 21:47:20,169 | INFO | new_releases | Tracking backend=dual db_enabled=True state_dir=/mnt/user/data/scripts/rythmx/state
2025-12-20 21:47:20,169 | INFO | new_releases | --- Starting Script vNew Release Finder v2.25 ---
2025-12-20 21:47:20,169 | INFO | new_releases | --- Run Mode (effective): Dry Run: True ---
2025-12-20 21:47:20,169 | INFO | new_releases | Overrides: DEBUG_SINGLE_ARTIST=The Holdup DAYS_AGO=3650 MIN_SCROBBLES=0
2025-12-20 21:47:20,193 | INFO | new_releases | Overrides: DEBUG_SINGLE_ARTIST=The Holdup DAYS_AGO=3650 MIN_SCROBBLES=0
2025-12-20 21:47:22,426 | INFO | new_releases | Last.fm sample top artists: 'Ballyhoo!' pc=2546 | 'The Holdup' pc=1972 | 'The Movement' pc=1317
2025-12-20 21:47:22,426 | INFO | new_releases | Found 1 total core artists (period=overall min_scrobbles=0 debug_single_artist='The Holdup').
2025-12-20 21:47:22,426 | INFO | new_releases | Checking Spotify for new releases from the last 3650 days...
2025-12-20 21:47:23,195 | INFO | new_releases | Found new release from 'The Holdup': 'COMING WITH GUNS'
2025-12-20 21:47:23,352 | INFO | new_releases | Found new release from 'The Holdup': 'AT ODDS WITH MYSELF AGAIN'
2025-12-20 21:47:23,561 | INFO | new_releases | Found new release from 'The Holdup': 'Killing Time'
2025-12-20 21:47:23,881 | INFO | new_releases | Found new release from 'The Holdup': 'Leaves in the Pool'
2025-12-20 21:47:24,137 | INFO | new_releases | Found new release from 'The Holdup': 'PUSSY OR GOD'
2025-12-20 21:47:24,294 | INFO | new_releases | Found new release from 'The Holdup': 'HOT GLUE'
2025-12-20 21:47:24,496 | INFO | new_releases | Found new release from 'The Holdup': 'FOR A MOMENT OR TWO'
2025-12-20 21:47:24,778 | INFO | new_releases | Found new release from 'The Holdup': 'MAKING THINGS UP'
2025-12-20 21:47:24,907 | INFO | new_releases | Found new release from 'The Holdup': 'IT WAS GREAT AND WE DIDN'T EVEN KNOW'
2025-12-20 21:47:25,149 | INFO | new_releases | Found new release from 'The Holdup': 'LUCKY ONE'
2025-12-20 21:47:25,287 | INFO | new_releases | Found new release from 'The Holdup': 'ANXIOUS GIRL'
2025-12-20 21:47:25,513 | INFO | new_releases | Found new release from 'The Holdup': 'RATHER MAKE YOU RICH THAN MAKE YOU SAD'
2025-12-20 21:47:25,674 | INFO | new_releases | Found new release from 'The Holdup': 'I'M ALWAYS RIGHT'
2025-12-20 21:47:25,871 | INFO | new_releases | Found new release from 'The Holdup': 'Whole Lotta Time'
2025-12-20 21:47:26,015 | INFO | new_releases | Found new release from 'The Holdup': 'Too Late'
2025-12-20 21:47:26,149 | INFO | new_releases | Found new release from 'The Holdup': 'Still Looking For Love'
2025-12-20 21:47:26,284 | INFO | new_releases | Found new release from 'The Holdup': 'Low Self Esteem'
2025-12-20 21:47:26,476 | INFO | new_releases | Found new release from 'The Holdup': 'Bad Bad Mood'
2025-12-20 21:47:26,679 | INFO | new_releases | Found new release from 'The Holdup': 'Macula'
2025-12-20 21:47:26,849 | INFO | new_releases | Found new release from 'The Holdup': 'Stay the Fuck Inside'
2025-12-20 21:47:27,316 | INFO | new_releases | Found new release from 'The Holdup': 'Cool Spot'
2025-12-20 21:47:27,560 | INFO | new_releases | Found new release from 'The Holdup': 'B-Sides'
2025-12-20 21:47:27,748 | INFO | new_releases | Found new release from 'The Holdup': 'Gotta Be'
2025-12-20 21:47:27,891 | INFO | new_releases | Found new release from 'The Holdup': 'Imperfections'
2025-12-20 21:47:28,115 | INFO | new_releases | Found new release from 'The Holdup': 'S.O.S'
2025-12-20 21:47:28,391 | INFO | new_releases | Found new release from 'The Holdup': 'Money Don't Mean a Thing'
2025-12-20 21:47:28,576 | INFO | new_releases | get_new_releases returned releases=26 skipped=2
2025-12-20 21:47:28,576 | INFO | new_releases | --- Evaluating 15 new albums & EPs... ---
2025-12-20 21:47:38,449 | INFO | new_releases | --- Evaluating 11 new singles... ---
2025-12-20 21:47:56,696 | INFO | new_releases | Final download queue has 2 releases.
2025-12-20 21:47:56,696 | INFO | new_releases | DRY_RUN would download: The Holdup - COMING WITH GUNS
2025-12-20 21:47:56,696 | INFO | new_releases | DRY_RUN would download: The Holdup - ANXIOUS GIRL
2025-12-20 21:47:56,697 | INFO | new_releases | --- Saving fallback playlist to: /mnt/user/data/scripts/rythmx/app/runners/playlist_fallback/New Releases - 2025-12-20.csv ---
2025-12-20 21:47:56,698 | INFO | new_releases | --- Dry run complete ---
2025-12-20 21:50:45,224 | INFO | new_releases | Starting new_releases run_id=new_releases-20251220215045-920ab783
2025-12-20 21:50:45,226 | INFO | new_releases | Tracking backend=dual db_enabled=True state_dir=/mnt/user/data/scripts/rythmx/state
2025-12-20 21:50:45,226 | INFO | new_releases | --- Starting Script vNew Release Finder v2.25 ---
2025-12-20 21:50:45,226 | INFO | new_releases | --- Run Mode (effective): Dry Run: True ---
2025-12-20 21:50:45,226 | INFO | new_releases | Overrides: DEBUG_SINGLE_ARTIST=The Holdup DAYS_AGO=3650 MIN_SCROBBLES=0
2025-12-20 21:50:45,245 | INFO | new_releases | Overrides: DEBUG_SINGLE_ARTIST=The Holdup DAYS_AGO=3650 MIN_SCROBBLES=0
2025-12-20 21:50:47,005 | INFO | new_releases | Last.fm sample top artists: 'Ballyhoo!' pc=2546 | 'The Holdup' pc=1972 | 'The Movement' pc=1317
2025-12-20 21:50:47,005 | INFO | new_releases | Found 1 total core artists (period=overall min_scrobbles=0 debug_single_artist='The Holdup').
2025-12-20 21:50:47,006 | INFO | new_releases | Checking Spotify for new releases from the last 3650 days...
2025-12-20 21:50:47,941 | INFO | new_releases | get_new_releases returned releases=0 skipped=2
2025-12-20 21:50:47,941 | INFO | new_releases | --- Evaluating 0 new albums & EPs... ---
2025-12-20 21:50:47,942 | INFO | new_releases | --- Evaluating 0 new singles... ---
2025-12-20 21:50:47,942 | INFO | new_releases | Final download queue has 0 releases.
2025-12-20 21:50:47,942 | INFO | new_releases | --- Dry run complete ---
2025-12-20 22:00:34,975 | INFO | new_releases | Starting new_releases run_id=new_releases-20251220220034-40745b25
2025-12-20 22:00:34,977 | INFO | new_releases | Tracking backend=dual db_enabled=True state_dir=/mnt/user/data/scripts/rythmx/state
2025-12-20 22:00:34,977 | INFO | new_releases | --- Starting Script vNew Release Finder v2.25 ---
2025-12-20 22:00:34,977 | INFO | new_releases | --- Run Mode (effective): Dry Run: True ---
2025-12-20 22:00:34,978 | INFO | new_releases | Overrides: DEBUG_SINGLE_ARTIST=Nas DAYS_AGO=3650 MIN_SCROBBLES=0
2025-12-20 22:00:34,999 | INFO | new_releases | Overrides: DEBUG_SINGLE_ARTIST=Nas DAYS_AGO=3650 MIN_SCROBBLES=0
2025-12-20 22:00:37,012 | INFO | new_releases | Last.fm sample top artists: 'Ballyhoo!' pc=2546 | 'The Holdup' pc=1972 | 'The Movement' pc=1317
2025-12-20 22:00:37,012 | INFO | new_releases | Found 1 total core artists (period=overall min_scrobbles=0 debug_single_artist='Nas').
2025-12-20 22:00:37,012 | INFO | new_releases | Checking Spotify for new releases from the last 3650 days...
2025-12-20 22:00:38,015 | INFO | new_releases | get_new_releases returned releases=0 skipped=0
2025-12-20 22:00:38,015 | INFO | new_releases | --- Evaluating 0 new albums & EPs... ---
2025-12-20 22:00:38,015 | INFO | new_releases | --- Evaluating 0 new singles... ---
2025-12-20 22:00:38,015 | INFO | new_releases | Final download queue has 0 releases.
2025-12-20 22:00:38,015 | INFO | new_releases | --- Dry run complete ---
2025-12-20 22:03:00,257 | INFO | new_releases | Starting new_releases run_id=new_releases-20251220220300-3fb07516
2025-12-20 22:03:00,260 | INFO | new_releases | Tracking backend=dual db_enabled=True state_dir=/mnt/user/data/scripts/rythmx/state
2025-12-20 22:03:00,260 | INFO | new_releases | --- Starting Script vNew Release Finder v2.25 ---
2025-12-20 22:03:00,260 | INFO | new_releases | --- Run Mode (effective): Dry Run: True ---
2025-12-20 22:03:00,260 | INFO | new_releases | Overrides: DEBUG_SINGLE_ARTIST=The Dirty Heads DAYS_AGO=3650 MIN_SCROBBLES=0
2025-12-20 22:03:00,283 | INFO | new_releases | Overrides: DEBUG_SINGLE_ARTIST=The Dirty Heads DAYS_AGO=3650 MIN_SCROBBLES=0
2025-12-20 22:03:01,965 | INFO | new_releases | Last.fm sample top artists: 'Ballyhoo!' pc=2546 | 'The Holdup' pc=1972 | 'The Movement' pc=1317
2025-12-20 22:03:01,965 | INFO | new_releases | Found 1 total core artists (period=overall min_scrobbles=0 debug_single_artist='The Dirty Heads').
2025-12-20 22:03:01,965 | INFO | new_releases | Checking Spotify for new releases from the last 3650 days...
2025-12-20 22:03:02,455 | INFO | new_releases | get_new_releases returned releases=0 skipped=0
2025-12-20 22:03:02,455 | INFO | new_releases | --- Evaluating 0 new albums & EPs... ---
2025-12-20 22:03:02,455 | INFO | new_releases | --- Evaluating 0 new singles... ---
2025-12-20 22:03:02,455 | INFO | new_releases | Final download queue has 0 releases.
2025-12-20 22:03:02,455 | INFO | new_releases | --- Dry run complete ---
2025-12-20 22:03:54,729 | INFO | new_releases | Starting new_releases run_id=new_releases-20251220220354-d8581813
2025-12-20 22:03:54,731 | INFO | new_releases | Tracking backend=dual db_enabled=True state_dir=/mnt/user/data/scripts/rythmx/state
2025-12-20 22:03:54,731 | INFO | new_releases | --- Starting Script vNew Release Finder v2.25 ---
2025-12-20 22:03:54,732 | INFO | new_releases | --- Run Mode (effective): Dry Run: True ---
2025-12-20 22:03:54,732 | INFO | new_releases | Overrides: DEBUG_SINGLE_ARTIST=Ed Sheeran DAYS_AGO=3650 MIN_SCROBBLES=0
2025-12-20 22:03:54,751 | INFO | new_releases | Overrides: DEBUG_SINGLE_ARTIST=Ed Sheeran DAYS_AGO=3650 MIN_SCROBBLES=0
2025-12-20 22:03:56,743 | INFO | new_releases | Last.fm sample top artists: 'Ballyhoo!' pc=2546 | 'The Holdup' pc=1972 | 'The Movement' pc=1317
2025-12-20 22:03:56,744 | INFO | new_releases | Found 1 total core artists (period=overall min_scrobbles=0 debug_single_artist='Ed Sheeran').
2025-12-20 22:03:56,744 | INFO | new_releases | Checking Spotify for new releases from the last 3650 days...
2025-12-20 22:03:57,581 | INFO | new_releases | Found new release from 'Ed Sheeran': 'Play (Deluxe)'
2025-12-20 22:03:57,972 | INFO | new_releases | Found new release from 'Ed Sheeran': 'Play (Extended Edition)'
2025-12-20 22:03:58,229 | INFO | new_releases | Found new release from 'Ed Sheeran': 'Play'
2025-12-20 22:03:58,440 | INFO | new_releases | Found new release from 'Ed Sheeran': '+-=÷× (Tour Collection)'
2025-12-20 22:03:58,727 | INFO | new_releases | Found new release from 'Ed Sheeran': 'x (10th Anniversary Edition)'
2025-12-20 22:03:59,053 | INFO | new_releases | Found new release from 'Ed Sheeran': 'Autumn Variations (Fan Living Room Sessions)'
2025-12-20 22:03:59,742 | INFO | new_releases | Found new release from 'Ed Sheeran': 'Autumn Variations'
2025-12-20 22:03:59,940 | INFO | new_releases | Found new release from 'Ed Sheeran': '- (Deluxe)'
2025-12-20 22:04:00,271 | INFO | new_releases | Found new release from 'Ed Sheeran': '= (Tour Edition)'
2025-12-20 22:04:00,673 | INFO | new_releases | Found new release from 'Ed Sheeran': '='
2025-12-20 22:04:00,921 | INFO | new_releases | Found new release from 'Ed Sheeran': '2step (The Remixes)'
2025-12-20 22:04:01,158 | INFO | new_releases | Found new release from 'Ed Sheeran': 'No.6 Collaborations Project'
2025-12-20 22:04:01,411 | INFO | new_releases | Found new release from 'Ed Sheeran': '÷ (Deluxe)'
2025-12-20 22:04:01,826 | INFO | new_releases | Found new release from 'Ed Sheeran': 'Camera (CYRIL Remix)'
2025-12-20 22:04:01,957 | INFO | new_releases | Found new release from 'Ed Sheeran': 'Play (The Remixes)'
2025-12-20 22:04:02,121 | INFO | new_releases | Found new release from 'Ed Sheeran': 'Camera (Unplugged)'
2025-12-20 22:04:02,279 | INFO | new_releases | Found new release from 'Ed Sheeran': 'A Little More (Unplugged)'
2025-12-20 22:04:02,424 | INFO | new_releases | Found new release from 'Ed Sheeran': 'A Little More'
2025-12-20 22:04:02,663 | INFO | new_releases | Found new release from 'Ed Sheeran': 'Sapphire (feat. Arijit Singh)'
2025-12-20 22:04:02,798 | INFO | new_releases | Found new release from 'Ed Sheeran': 'Sapphire (Unplugged)'
2025-12-20 22:04:02,919 | INFO | new_releases | Found new release from 'Ed Sheeran': 'Drive (From F1® The Movie)'
2025-12-20 22:04:03,072 | INFO | new_releases | Found new release from 'Ed Sheeran': 'Sapphire'
2025-12-20 22:04:03,283 | INFO | new_releases | Found new release from 'Ed Sheeran': 'Azizam (Acoustic)'
2025-12-20 22:04:03,472 | INFO | new_releases | Found new release from 'Ed Sheeran': 'Azizam (D.O.D Remix)'
2025-12-20 22:04:03,731 | INFO | new_releases | Found new release from 'Ed Sheeran': 'Old Phone'
2025-12-20 22:04:03,887 | INFO | new_releases | Found new release from 'Ed Sheeran': 'Azizam (feat. Googoosh) [Persian Version]'
2025-12-20 22:04:04,029 | INFO | new_releases | Found new release from 'Ed Sheeran': 'Under the Tree (from “That Christmas”)'
2025-12-20 22:04:04,168 | INFO | new_releases | Found new release from 'Ed Sheeran': 'kiss me under the light of a thousand stars'
2025-12-20 22:04:04,565 | INFO | new_releases | Found new release from 'Ed Sheeran': 'my forgotten favourites'
2025-12-20 22:04:04,964 | INFO | new_releases | Found new release from 'Ed Sheeran': 'names in lights at stadium heights'
2025-12-20 22:04:05,197 | INFO | new_releases | Found new release from 'Ed Sheeran': 'songs I wrote that almost didn't make it'
2025-12-20 22:04:05,412 | INFO | new_releases | Found new release from 'Ed Sheeran': 'A Beautiful Game'
2025-12-20 22:04:05,560 | INFO | new_releases | Found new release from 'Ed Sheeran': 'Life Goes On (feat. Luke Combs)'
2025-12-20 22:04:05,750 | INFO | new_releases | Found new release from 'Ed Sheeran': 'Eyes Closed (Piano Version)'
2025-12-20 22:04:05,916 | INFO | new_releases | Found new release from 'Ed Sheeran': 'Eyes Closed (Lost Frequencies Remix)'
2025-12-20 22:04:06,067 | INFO | new_releases | Found new release from 'Ed Sheeran': 'F64'
2025-12-20 22:04:06,245 | INFO | new_releases | Found new release from 'Ed Sheeran': 'Celestial'
2025-12-20 22:04:06,516 | INFO | new_releases | Found new release from 'Ed Sheeran': '2step (feat. Denise Chaila)'
2025-12-20 22:04:06,771 | INFO | new_releases | Found new release from 'Ed Sheeran': '2step (feat. Quevedo)'
2025-12-20 22:04:07,353 | INFO | new_releases | Found new release from 'Ed Sheeran': '2step (feat. Armaan Malik)'
2025-12-20 22:04:07,488 | INFO | new_releases | Found new release from 'Ed Sheeran': '2step (feat. reezy)'
2025-12-20 22:04:07,660 | INFO | new_releases | Found new release from 'Ed Sheeran': '2step (feat. Chefin)'
2025-12-20 22:04:07,799 | INFO | new_releases | Found new release from 'Ed Sheeran': '2step (feat. Leto)'
2025-12-20 22:04:07,935 | INFO | new_releases | Found new release from 'Ed Sheeran': '2step (Star.One Remix)'
2025-12-20 22:04:08,080 | INFO | new_releases | Found new release from 'Ed Sheeran': '2step (feat. Budjerah)'
2025-12-20 22:04:08,210 | INFO | new_releases | Found new release from 'Ed Sheeran': '2step (feat. 1.Cuz)'
2025-12-20 22:04:08,376 | INFO | new_releases | Found new release from 'Ed Sheeran': '2step (feat. Ultimo)'
2025-12-20 22:04:08,517 | INFO | new_releases | Found new release from 'Ed Sheeran': '2step (feat. Ellinoora)'
2025-12-20 22:04:08,656 | INFO | new_releases | Found new release from 'Ed Sheeran': '2step (feat. Antytila)'
2025-12-20 22:04:08,820 | INFO | new_releases | Found new release from 'Ed Sheeran': 'The Joker And The Queen (feat. Taylor Swift)'
2025-12-20 22:04:08,977 | INFO | new_releases | Found new release from 'Ed Sheeran': 'Bad Habits (feat. Bring Me The Horizon)'
2025-12-20 22:04:09,142 | INFO | new_releases | Found new release from 'Ed Sheeran': 'Merry Christmas'
2025-12-20 22:04:09,269 | INFO | new_releases | Found new release from 'Ed Sheeran': 'Shivers (feat. FEDUK & SLAVA MARLOW)'
2025-12-20 22:04:09,415 | INFO | new_releases | Found new release from 'Ed Sheeran': 'Shivers (feat. Jessi & SUNMI)'
2025-12-20 22:04:09,689 | INFO | new_releases | Found new release from 'Ed Sheeran': 'Overpass Graffiti (TCTS Remix)'
2025-12-20 22:04:09,970 | INFO | new_releases | Found new release from 'Ed Sheeran': 'Overpass Graffiti (Alle Farben Remix)'
2025-12-20 22:04:10,107 | INFO | new_releases | Found new release from 'Ed Sheeran': 'Shivers (Dillon Francis Remix)'
2025-12-20 22:04:10,396 | INFO | new_releases | Found new release from 'Ed Sheeran': 'Shivers (Heavy-K Remix)'
2025-12-20 22:04:10,556 | INFO | new_releases | Found new release from 'Ed Sheeran': 'Shivers (Jax Jones Remix)'
2025-12-20 22:04:10,709 | INFO | new_releases | Found new release from 'Ed Sheeran': 'Shivers (Alok Remix)'
2025-12-20 22:04:10,850 | INFO | new_releases | Found new release from 'Ed Sheeran': 'Shivers (Ofenbach Remix)'
2025-12-20 22:04:11,039 | INFO | new_releases | Found new release from 'Ed Sheeran': 'Shivers (Navos Remix)'
2025-12-20 22:04:11,268 | INFO | new_releases | Found new release from 'Ed Sheeran': 'Shivers (Acoustic Version)'
2025-12-20 22:04:11,541 | INFO | new_releases | Found new release from 'Ed Sheeran': 'Bad Habits (feat. Tion Wayne & Central Cee) [Fumez The Engineer Remix]'
2025-12-20 22:04:11,784 | INFO | new_releases | Found new release from 'Ed Sheeran': 'Bad Habits (The Remixes)'
2025-12-20 22:04:11,952 | INFO | new_releases | Found new release from 'Ed Sheeran': 'Bad Habits (Joel Corry Remix)'
2025-12-20 22:04:12,150 | INFO | new_releases | Found new release from 'Ed Sheeran': 'Bad Habits (MEDUZA Remix)'
2025-12-20 22:04:12,454 | INFO | new_releases | Found new release from 'Ed Sheeran': 'Bad Habits (Acoustic Version)'
2025-12-20 22:04:12,757 | INFO | new_releases | Found new release from 'Ed Sheeran': 'Afterglow'
2025-12-20 22:04:12,886 | INFO | new_releases | Found new release from 'Ed Sheeran': 'South of the Border (feat. Camila Cabello & Cardi B) [Andy Jarvis Remix]'
2025-12-20 22:04:13,150 | INFO | new_releases | Found new release from 'Ed Sheeran': 'Antisocial (with Travis Scott) [MK Remix]'
2025-12-20 22:04:13,324 | INFO | new_releases | Found new release from 'Ed Sheeran': 'South of the Border (feat. Camila Cabello) [Acoustic]'
2025-12-20 22:04:13,497 | INFO | new_releases | Found new release from 'Ed Sheeran': 'South of the Border (feat. Camila Cabello & Cardi B) [Sam Feldt Remix]'
2025-12-20 22:04:13,641 | INFO | new_releases | Found new release from 'Ed Sheeran': 'South of the Border (feat. Camila Cabello & Cardi B) [Cheat Codes Remix]'
2025-12-20 22:04:13,849 | INFO | new_releases | Found new release from 'Ed Sheeran': 'Take Me Back To London (Remix) [feat. Stormzy, Jaykae & Aitch]'
2025-12-20 22:04:14,038 | INFO | new_releases | Found new release from 'Ed Sheeran': 'Way To Break My Heart (feat. Skrillex)'
2025-12-20 22:04:14,199 | INFO | new_releases | Found new release from 'Ed Sheeran': 'South of the Border (feat. Camila Cabello & Cardi B)'
2025-12-20 22:04:14,399 | INFO | new_releases | Found new release from 'Ed Sheeran': 'Remember The Name (feat. Eminem & 50 Cent)'
2025-12-20 22:04:14,678 | INFO | new_releases | Found new release from 'Ed Sheeran': 'Put It All on Me (feat. Ella Mai)'
2025-12-20 22:04:14,832 | INFO | new_releases | Found new release from 'Ed Sheeran': 'Nothing On You (feat. Paulo Londra & Dave)'
2025-12-20 22:04:15,091 | INFO | new_releases | Found new release from 'Ed Sheeran': 'I Don't Want Your Money (feat. H.E.R.)'
2025-12-20 22:04:15,257 | INFO | new_releases | Found new release from 'Ed Sheeran': 'Feels (feat. Young Thug & J Hus)'
2025-12-20 22:04:15,404 | INFO | new_releases | Found new release from 'Ed Sheeran': 'Beautiful People (feat. Khalid) [NOTD Remix]'
2025-12-20 22:04:15,860 | INFO | new_releases | Found new release from 'Ed Sheeran': 'Beautiful People (feat. Khalid) [Jack Wins Remix]'
2025-12-20 22:04:16,034 | INFO | new_releases | Found new release from 'Ed Sheeran': 'Beautiful People (feat. Khalid) [Danny L Harle Harlecore Remix]'
2025-12-20 22:04:16,172 | INFO | new_releases | Found new release from 'Ed Sheeran': 'Beautiful People (Acoustic)'
2025-12-20 22:04:16,305 | INFO | new_releases | Found new release from 'Ed Sheeran': 'Antisocial (with Travis Scott)'
2025-12-20 22:04:16,461 | INFO | new_releases | Found new release from 'Ed Sheeran': '1000 Nights (feat. Meek Mill & A Boogie wit da Hoodie)'
2025-12-20 22:04:16,624 | INFO | new_releases | Found new release from 'Ed Sheeran': 'Best Part of Me (feat. YEBBA)'
2025-12-20 22:04:16,794 | INFO | new_releases | Found new release from 'Ed Sheeran': 'BLOW (with Chris Stapleton & Bruno Mars)'
2025-12-20 22:04:16,922 | INFO | new_releases | Found new release from 'Ed Sheeran': 'Beautiful People (feat. Khalid)'
2025-12-20 22:04:17,077 | INFO | new_releases | Found new release from 'Ed Sheeran': 'I Don't Care (with Justin Bieber) [Chronixx & Koffee Remix]'
2025-12-20 22:04:17,247 | INFO | new_releases | Found new release from 'Ed Sheeran': 'Cross Me (feat. Chance the Rapper & PnB Rock) [M-22 Remix]'
2025-12-20 22:04:17,432 | INFO | new_releases | Found new release from 'Ed Sheeran': 'I Don't Care (with Justin Bieber) [Loud Luxury Remix]'
2025-12-20 22:04:17,569 | INFO | new_releases | Found new release from 'Ed Sheeran': 'I Don't Care (with Justin Bieber) [Jonas Blue Remix]'
2025-12-20 22:04:17,712 | INFO | new_releases | Found new release from 'Ed Sheeran': 'I Don't Care (Acoustic)'
2025-12-20 22:04:17,860 | INFO | new_releases | Found new release from 'Ed Sheeran': 'Cross Me (feat. Chance the Rapper & PnB Rock)'
2025-12-20 22:04:18,009 | INFO | new_releases | Found new release from 'Ed Sheeran': 'I Don't Care (with Justin Bieber)'
2025-12-20 22:04:18,166 | INFO | new_releases | Found new release from 'Ed Sheeran': 'Happier (Kasbo Remix)'
2025-12-20 22:04:18,312 | INFO | new_releases | Found new release from 'Ed Sheeran': 'Happier (Cazzette Remix)'
2025-12-20 22:04:18,456 | INFO | new_releases | Found new release from 'Ed Sheeran': 'Happier (Tiësto’s AFTR:HRS Remix)'
2025-12-20 22:04:18,618 | INFO | new_releases | Found new release from 'Ed Sheeran': 'Happier (Acoustic)'
2025-12-20 22:04:18,757 | INFO | new_releases | Found new release from 'Ed Sheeran': 'Perfect Symphony (Ed Sheeran & Andrea Bocelli)'
2025-12-20 22:04:18,892 | INFO | new_releases | Found new release from 'Ed Sheeran': 'Perfect Duet (Ed Sheeran & Beyoncé)'
2025-12-20 22:04:19,085 | INFO | new_releases | Found new release from 'Ed Sheeran': 'Perfect (Robin Schulz Remix)'
2025-12-20 22:04:19,310 | INFO | new_releases | Found new release from 'Ed Sheeran': 'Perfect (Mike Perry Remix)'
2025-12-20 22:04:19,454 | INFO | new_releases | Found new release from 'Ed Sheeran': 'Perfect (Acoustic)'
2025-12-20 22:04:19,667 | INFO | new_releases | Found new release from 'Ed Sheeran': 'Shape of You (Yxng Bane Remix)'
2025-12-20 22:04:19,856 | INFO | new_releases | Found new release from 'Ed Sheeran': 'Castle on the Hill (Throttle Remix)'
2025-12-20 22:04:19,994 | INFO | new_releases | Found new release from 'Ed Sheeran': 'Spotify Singles'
2025-12-20 22:04:20,221 | INFO | new_releases | Found new release from 'Ed Sheeran': 'Shape of You (NOTD Remix)'
2025-12-20 22:04:20,369 | INFO | new_releases | Found new release from 'Ed Sheeran': 'Castle on the Hill (Seeb Remix)'
2025-12-20 22:04:20,497 | INFO | new_releases | Found new release from 'Ed Sheeran': 'Galway Girl (Martin Jensen Remix)'
2025-12-20 22:04:20,660 | INFO | new_releases | Found new release from 'Ed Sheeran': 'Shape of You (feat. Zion & Lennox) [Latin Remix]'
2025-12-20 22:04:20,882 | INFO | new_releases | Found new release from 'Ed Sheeran': 'Shape of You (feat. Nyla & Kranium) [Major Lazer Remix]'
2025-12-20 22:04:21,140 | INFO | new_releases | Found new release from 'Ed Sheeran': 'Shape of You (Stormzy Remix)'
2025-12-20 22:04:21,309 | INFO | new_releases | Found new release from 'Ed Sheeran': 'Shape of You (Galantis Remix)'
2025-12-20 22:04:21,485 | INFO | new_releases | Found new release from 'Ed Sheeran': 'Shape of You (Acoustic)'
2025-12-20 22:04:21,627 | INFO | new_releases | Found new release from 'Ed Sheeran': 'Castle on the Hill (Acoustic)'
2025-12-20 22:04:21,809 | INFO | new_releases | get_new_releases returned releases=119 skipped=3
2025-12-20 22:04:21,810 | INFO | new_releases | --- Evaluating 52 new albums & EPs... ---
2025-12-20 22:05:40,983 | INFO | new_releases | --- Evaluating 67 new singles... ---
2025-12-20 22:06:33,461 | INFO | new_releases | Final download queue has 33 releases.
2025-12-20 22:06:33,461 | INFO | new_releases | DRY_RUN would download: Ed Sheeran - Play (Extended Edition)
2025-12-20 22:06:33,461 | INFO | new_releases | DRY_RUN would download: Ed Sheeran - +-=÷× (Tour Collection)
2025-12-20 22:06:33,461 | INFO | new_releases | DRY_RUN would download: Ed Sheeran - Autumn Variations (Fan Living Room Sessions)
2025-12-20 22:06:33,461 | INFO | new_releases | DRY_RUN would download: Ed Sheeran - 2step (The Remixes)
2025-12-20 22:06:33,461 | INFO | new_releases | DRY_RUN would download: Ed Sheeran - Life Goes On (feat. Luke Combs)
2025-12-20 22:06:33,461 | INFO | new_releases | DRY_RUN would download: Ed Sheeran - Overpass Graffiti (TCTS Remix)
2025-12-20 22:06:33,461 | INFO | new_releases | DRY_RUN would download: Ed Sheeran - Take Me Back To London (Remix) [feat. Stormzy, Jaykae & Aitch]
2025-12-20 22:06:33,461 | INFO | new_releases | DRY_RUN would download: Ed Sheeran - Drive (From F1® The Movie)
2025-12-20 22:06:33,462 | INFO | new_releases | DRY_RUN would download: Ed Sheeran - Under the Tree (from “That Christmas”)
2025-12-20 22:06:33,462 | INFO | new_releases | DRY_RUN would download: Ed Sheeran - A Beautiful Game
2025-12-20 22:06:33,462 | INFO | new_releases | DRY_RUN would download: Ed Sheeran - F64
2025-12-20 22:06:33,462 | INFO | new_releases | DRY_RUN would download: Ed Sheeran - Celestial
2025-12-20 22:06:33,462 | INFO | new_releases | DRY_RUN would download: Ed Sheeran - The Joker And The Queen (feat. Taylor Swift)
2025-12-20 22:06:33,462 | INFO | new_releases | DRY_RUN would download: Ed Sheeran - South of the Border (feat. Camila Cabello & Cardi B) [Andy Jarvis Remix]
2025-12-20 22:06:33,462 | INFO | new_releases | DRY_RUN would download: Ed Sheeran - Antisocial (with Travis Scott) [MK Remix]
2025-12-20 22:06:33,462 | INFO | new_releases | DRY_RUN would download: Ed Sheeran - South of the Border (feat. Camila Cabello) [Acoustic]
2025-12-20 22:06:33,462 | INFO | new_releases | DRY_RUN would download: Ed Sheeran - South of the Border (feat. Camila Cabello & Cardi B) [Sam Feldt Remix]
2025-12-20 22:06:33,462 | INFO | new_releases | DRY_RUN would download: Ed Sheeran - South of the Border (feat. Camila Cabello & Cardi B) [Cheat Codes Remix]
2025-12-20 22:06:33,462 | INFO | new_releases | DRY_RUN would download: Ed Sheeran - Way To Break My Heart (feat. Skrillex)
2025-12-20 22:06:33,463 | INFO | new_releases | DRY_RUN would download: Ed Sheeran - South of the Border (feat. Camila Cabello & Cardi B)
2025-12-20 22:06:33,463 | INFO | new_releases | DRY_RUN would download: Ed Sheeran - Remember The Name (feat. Eminem & 50 Cent)
2025-12-20 22:06:33,463 | INFO | new_releases | DRY_RUN would download: Ed Sheeran - Put It All on Me (feat. Ella Mai)
2025-12-20 22:06:33,463 | INFO | new_releases | DRY_RUN would download: Ed Sheeran - Nothing On You (feat. Paulo Londra & Dave)
2025-12-20 22:06:33,463 | INFO | new_releases | DRY_RUN would download: Ed Sheeran - I Don't Want Your Money (feat. H.E.R.)
2025-12-20 22:06:33,463 | INFO | new_releases | DRY_RUN would download: Ed Sheeran - Feels (feat. Young Thug & J Hus)
2025-12-20 22:06:33,463 | INFO | new_releases | DRY_RUN would download: Ed Sheeran - Antisocial (with Travis Scott)
2025-12-20 22:06:33,463 | INFO | new_releases | DRY_RUN would download: Ed Sheeran - 1000 Nights (feat. Meek Mill & A Boogie wit da Hoodie)
2025-12-20 22:06:33,463 | INFO | new_releases | DRY_RUN would download: Ed Sheeran - Best Part of Me (feat. YEBBA)
2025-12-20 22:06:33,463 | INFO | new_releases | DRY_RUN would download: Ed Sheeran - BLOW (with Chris Stapleton & Bruno Mars)
2025-12-20 22:06:33,463 | INFO | new_releases | DRY_RUN would download: Ed Sheeran - Cross Me (feat. Chance the Rapper & PnB Rock) [M-22 Remix]
2025-12-20 22:06:33,464 | INFO | new_releases | DRY_RUN would download: Ed Sheeran - Cross Me (feat. Chance the Rapper & PnB Rock)
2025-12-20 22:06:33,464 | INFO | new_releases | DRY_RUN would download: Ed Sheeran - Perfect Symphony (Ed Sheeran & Andrea Bocelli)
2025-12-20 22:06:33,464 | INFO | new_releases | DRY_RUN would download: Ed Sheeran - Perfect Duet (Ed Sheeran & Beyoncé)
2025-12-20 22:06:33,465 | INFO | new_releases | --- Saving fallback playlist to: /mnt/user/data/scripts/rythmx/app/runners/playlist_fallback/New Releases - 2025-12-20.csv ---
2025-12-20 22:06:33,466 | INFO | new_releases | --- Dry run complete ---
2025-12-20 23:08:43,598 | INFO | new_releases | Starting new_releases run_id=new_releases-20251220230843-fcbf8353
2025-12-20 23:08:43,623 | INFO | new_releases | Tracking backend=dual db_enabled=True state_dir=/mnt/user/data/scripts/rythmx/state
2025-12-20 23:08:43,623 | INFO | new_releases | --- Starting Script vNew Release Finder v2.25 ---
2025-12-20 23:08:43,623 | INFO | new_releases | --- Run Mode (effective): Dry Run: True ---
2025-12-20 23:08:43,623 | INFO | new_releases | Overrides: DEBUG_SINGLE_ARTIST=Ballyhoo! DAYS_AGO=3650 MIN_SCROBBLES=0
2025-12-20 23:08:43,644 | INFO | new_releases | Overrides: DEBUG_SINGLE_ARTIST=Ballyhoo! DAYS_AGO=3650 MIN_SCROBBLES=0
2025-12-20 23:08:45,871 | INFO | new_releases | Last.fm sample top artists: 'Ballyhoo!' pc=2546 | 'The Holdup' pc=1972 | 'The Movement' pc=1317
2025-12-20 23:08:45,871 | INFO | new_releases | Found 1 total core artists (period=overall min_scrobbles=0 debug_single_artist='Ballyhoo!').
2025-12-20 23:08:45,871 | INFO | new_releases | Checking Spotify for new releases from the last 3650 days...
2025-12-20 23:08:46,686 | WARNING | new_releases | Spotify fetch failed for artist 'Ballyhoo!': 'StateStore' object has no attribute 'mark_release_seen'
2025-12-20 23:08:46,687 | INFO | new_releases | get_new_releases returned releases=0 skipped=0
2025-12-20 23:08:46,687 | INFO | new_releases | --- Evaluating 0 new albums & EPs... ---
2025-12-20 23:08:46,687 | INFO | new_releases | --- Evaluating 0 new singles... ---
2025-12-20 23:08:46,687 | INFO | new_releases | Final download queue has 0 releases.
2025-12-20 23:08:46,687 | INFO | new_releases | --- Dry run complete ---
2025-12-20 23:11:29,205 | INFO | new_releases | Starting new_releases run_id=new_releases-20251220231129-86fcd993
2025-12-20 23:11:29,207 | INFO | new_releases | Tracking backend=dual db_enabled=True state_dir=/mnt/user/data/scripts/rythmx/state
2025-12-20 23:11:29,207 | INFO | new_releases | --- Starting Script vNew Release Finder v2.25 ---
2025-12-20 23:11:29,207 | INFO | new_releases | --- Run Mode (effective): Dry Run: True ---
2025-12-20 23:11:29,207 | INFO | new_releases | Overrides: DEBUG_SINGLE_ARTIST=Ballyhoo! DAYS_AGO=3650 MIN_SCROBBLES=0
2025-12-20 23:11:29,228 | INFO | new_releases | Overrides: DEBUG_SINGLE_ARTIST=Ballyhoo! DAYS_AGO=3650 MIN_SCROBBLES=0
2025-12-20 23:11:30,875 | INFO | new_releases | Last.fm sample top artists: 'Ballyhoo!' pc=2546 | 'The Holdup' pc=1972 | 'The Movement' pc=1317
2025-12-20 23:11:30,875 | INFO | new_releases | Found 1 total core artists (period=overall min_scrobbles=0 debug_single_artist='Ballyhoo!').
2025-12-20 23:11:30,875 | INFO | new_releases | Checking Spotify for new releases from the last 3650 days...
2025-12-20 23:11:31,632 | INFO | new_releases | Found new release from 'Ballyhoo!': 'Shellshock'
2025-12-20 23:11:32,111 | INFO | new_releases | Found new release from 'Ballyhoo!': 'Message to the World'
2025-12-20 23:11:32,335 | INFO | new_releases | Found new release from 'Ballyhoo!': 'Detonate'
2025-12-20 23:11:32,683 | INFO | new_releases | Found new release from 'Ballyhoo!': 'Girls.'
2025-12-20 23:11:32,960 | INFO | new_releases | Found new release from 'Ballyhoo!': 'Love Letters (Sad Boi Mix)'
2025-12-20 23:11:33,089 | INFO | new_releases | Found new release from 'Ballyhoo!': 'Four Days'
2025-12-20 23:11:33,391 | INFO | new_releases | Found new release from 'Ballyhoo!': 'Under the Sun (with Tropidelic)'
2025-12-20 23:11:33,533 | INFO | new_releases | Found new release from 'Ballyhoo!': 'Shellshock (with Iya Terra)'
2025-12-20 23:11:33,884 | INFO | new_releases | Found new release from 'Ballyhoo!': '808's x Coffee'
2025-12-20 23:11:34,047 | INFO | new_releases | Found new release from 'Ballyhoo!': 'Drunk Texter (with HIRIE)'
2025-12-20 23:11:34,184 | INFO | new_releases | Found new release from 'Ballyhoo!': 'Clip My Wings'
2025-12-20 23:11:34,368 | INFO | new_releases | Found new release from 'Ballyhoo!': 'Sleepin' on the Couch (with The Elovaters)'
2025-12-20 23:11:34,506 | INFO | new_releases | Found new release from 'Ballyhoo!': 'Dammit'
2025-12-20 23:11:34,993 | INFO | new_releases | Found new release from 'Ballyhoo!': 'The Front Porch (with Kash'd Out)'
2025-12-20 23:11:35,162 | INFO | new_releases | Found new release from 'Ballyhoo!': 'Planet Sad Boi'
2025-12-20 23:11:35,381 | INFO | new_releases | Found new release from 'Ballyhoo!': 'Down Down Down'
2025-12-20 23:11:35,768 | INFO | new_releases | Found new release from 'Ballyhoo!': 'Middle Finger'
2025-12-20 23:11:35,923 | INFO | new_releases | Found new release from 'Ballyhoo!': 'The Come Up'
2025-12-20 23:11:36,040 | INFO | new_releases | Found new release from 'Ballyhoo!': 'I'll Be Ok'
2025-12-20 23:11:36,257 | INFO | new_releases | Found new release from 'Ballyhoo!': 'S.T.P.'
2025-12-20 23:11:36,385 | INFO | new_releases | Found new release from 'Ballyhoo!': 'Social Drinker'
2025-12-20 23:11:36,562 | INFO | new_releases | Found new release from 'Ballyhoo!': 'Fighter'
2025-12-20 23:11:36,754 | INFO | new_releases | Found new release from 'Ballyhoo!': 'Sounds of Summer '19'
2025-12-20 23:11:36,882 | INFO | new_releases | Found new release from 'Ballyhoo!': 'Renegade'
2025-12-20 23:11:37,132 | INFO | new_releases | Found new release from 'Ballyhoo!': 'Armatage Shanks'
2025-12-20 23:11:37,302 | INFO | new_releases | Found new release from 'Ballyhoo!': 'This Chick Is Wack'
2025-12-20 23:11:37,556 | INFO | new_releases | get_new_releases returned releases=26 skipped=2
2025-12-20 23:11:37,557 | INFO | new_releases | --- Evaluating 12 new albums & EPs... ---
2025-12-20 23:11:57,695 | INFO | new_releases | --- Evaluating 14 new singles... ---
2025-12-20 23:12:24,041 | INFO | new_releases | Final download queue has 9 releases.
2025-12-20 23:12:24,041 | INFO | new_releases | DRY_RUN would download: Ballyhoo! - 808's x Coffee
2025-12-20 23:12:24,041 | INFO | new_releases | DRY_RUN would download: Ballyhoo! - Clip My Wings
2025-12-20 23:12:24,041 | INFO | new_releases | DRY_RUN would download: Ballyhoo! - The Front Porch (with Kash'd Out)
2025-12-20 23:12:24,041 | INFO | new_releases | DRY_RUN would download: Ballyhoo! - Down Down Down
2025-12-20 23:12:24,041 | INFO | new_releases | DRY_RUN would download: Ballyhoo! - Love Letters (Sad Boi Mix)
2025-12-20 23:12:24,041 | INFO | new_releases | DRY_RUN would download: Ballyhoo! - Four Days
2025-12-20 23:12:24,041 | INFO | new_releases | DRY_RUN would download: Ballyhoo! - Under the Sun (with Tropidelic)
2025-12-20 23:12:24,041 | INFO | new_releases | DRY_RUN would download: Ballyhoo! - Shellshock (with Iya Terra)
2025-12-20 23:12:24,041 | INFO | new_releases | DRY_RUN would download: Ballyhoo! - Renegade
2025-12-20 23:12:24,043 | INFO | new_releases | --- Saving fallback playlist to: /mnt/user/data/scripts/rythmx/app/runners/playlist_fallback/New Releases - 2025-12-20.csv ---
2025-12-20 23:12:24,044 | INFO | new_releases | --- Dry run complete ---
2025-12-20 23:17:45,394 | INFO | new_releases | Starting new_releases run_id=new_releases-20251220231745-feee93ef
2025-12-20 23:17:45,397 | INFO | new_releases | Tracking backend=dual db_enabled=True state_dir=/mnt/user/data/scripts/rythmx/state
2025-12-20 23:17:45,397 | INFO | new_releases | --- Starting Script vNew Release Finder v2.25 ---
2025-12-20 23:17:45,397 | INFO | new_releases | --- Run Mode (effective): Dry Run: True ---
2025-12-20 23:17:45,397 | INFO | new_releases | Overrides: DEBUG_SINGLE_ARTIST=Ballyhoo! DAYS_AGO=3650 MIN_SCROBBLES=0
2025-12-20 23:17:45,420 | INFO | new_releases | Overrides: DEBUG_SINGLE_ARTIST=Ballyhoo! DAYS_AGO=3650 MIN_SCROBBLES=0
2025-12-20 23:17:47,167 | INFO | new_releases | Last.fm sample top artists: 'Ballyhoo!' pc=2546 | 'The Holdup' pc=1972 | 'The Movement' pc=1317
2025-12-20 23:17:47,167 | INFO | new_releases | Found 1 total core artists (period=overall min_scrobbles=0 debug_single_artist='Ballyhoo!').
2025-12-20 23:17:47,167 | INFO | new_releases | Checking Spotify for new releases from the last 3650 days...
2025-12-20 23:17:48,180 | INFO | new_releases | get_new_releases returned releases=0 skipped=2
2025-12-20 23:17:48,181 | INFO | new_releases | --- Evaluating 0 new albums & EPs... ---
2025-12-20 23:17:48,181 | INFO | new_releases | --- Evaluating 0 new singles... ---
2025-12-20 23:17:48,181 | INFO | new_releases | Final download queue has 0 releases.
2025-12-20 23:17:48,181 | INFO | new_releases | --- Dry run complete ---
2025-12-20 23:24:02,298 | INFO | new_releases | Starting new_releases run_id=new_releases-20251220232402-f01c1aed
2025-12-20 23:24:02,301 | INFO | new_releases | Tracking backend=dual db_enabled=True state_dir=/mnt/user/data/scripts/rythmx/state
2025-12-20 23:24:02,301 | INFO | new_releases | --- Starting Script vNew Release Finder v2.25 ---
2025-12-20 23:24:02,301 | INFO | new_releases | --- Run Mode (effective): Dry Run: True ---
2025-12-20 23:24:02,301 | INFO | new_releases | Overrides: DEBUG_SINGLE_ARTIST=Ballyhoo! DAYS_AGO=3650 MIN_SCROBBLES=0
2025-12-20 23:24:02,320 | INFO | new_releases | Overrides: DEBUG_SINGLE_ARTIST=Ballyhoo! DAYS_AGO=3650 MIN_SCROBBLES=0
2025-12-20 23:24:03,910 | INFO | new_releases | Last.fm sample top artists: 'Ballyhoo!' pc=2546 | 'The Holdup' pc=1972 | 'The Movement' pc=1317
2025-12-20 23:24:03,910 | INFO | new_releases | Found 1 total core artists (period=overall min_scrobbles=0 debug_single_artist='Ballyhoo!').
2025-12-20 23:24:03,910 | INFO | new_releases | Checking Spotify for new releases from the last 3650 days...
2025-12-20 23:24:04,694 | INFO | new_releases | Found new release from 'Ballyhoo!': 'SELF EMPLOYED'
2025-12-20 23:24:04,909 | INFO | new_releases | Found new release from 'Ballyhoo!': 'Shellshock'
2025-12-20 23:24:05,129 | INFO | new_releases | Found new release from 'Ballyhoo!': 'Message to the World'
2025-12-20 23:24:05,361 | INFO | new_releases | Found new release from 'Ballyhoo!': 'Detonate'
2025-12-20 23:24:05,670 | INFO | new_releases | Found new release from 'Ballyhoo!': 'Girls.'
2025-12-20 23:24:05,895 | INFO | new_releases | Found new release from 'Ballyhoo!': 'Johnny Quest Thinks We're Sellouts'
2025-12-20 23:24:06,076 | INFO | new_releases | Found new release from 'Ballyhoo!': 'Close to Me'
2025-12-20 23:24:06,544 | INFO | new_releases | Found new release from 'Ballyhoo!': 'ICARUS'
2025-12-20 23:24:06,830 | INFO | new_releases | Found new release from 'Ballyhoo!': 'SWIM'
2025-12-20 23:24:07,016 | INFO | new_releases | Found new release from 'Ballyhoo!': 'Meaningful'
2025-12-20 23:24:07,164 | INFO | new_releases | Found new release from 'Ballyhoo!': 'Love Letters (Sad Boi Mix)'
2025-12-20 23:24:07,340 | INFO | new_releases | Found new release from 'Ballyhoo!': 'Four Days'
2025-12-20 23:24:07,569 | INFO | new_releases | Found new release from 'Ballyhoo!': 'Under the Sun (with Tropidelic)'
2025-12-20 23:24:07,698 | INFO | new_releases | Found new release from 'Ballyhoo!': 'Shellshock (with Iya Terra)'
2025-12-20 23:24:07,835 | INFO | new_releases | Found new release from 'Ballyhoo!': '808's x Coffee'
2025-12-20 23:24:08,073 | INFO | new_releases | Found new release from 'Ballyhoo!': 'Drunk Texter (with HIRIE)'
2025-12-20 23:24:08,253 | INFO | new_releases | Found new release from 'Ballyhoo!': 'Clip My Wings'
2025-12-20 23:24:08,395 | INFO | new_releases | Found new release from 'Ballyhoo!': 'Sleepin' on the Couch (with The Elovaters)'
2025-12-20 23:24:08,517 | INFO | new_releases | Found new release from 'Ballyhoo!': 'Dammit'
2025-12-20 23:24:08,723 | INFO | new_releases | Found new release from 'Ballyhoo!': 'The Front Porch (with Kash'd Out)'
2025-12-20 23:24:08,873 | INFO | new_releases | Found new release from 'Ballyhoo!': 'Planet Sad Boi'
2025-12-20 23:24:09,057 | INFO | new_releases | Found new release from 'Ballyhoo!': 'Down Down Down'
2025-12-20 23:24:09,231 | INFO | new_releases | Found new release from 'Ballyhoo!': 'Middle Finger'
2025-12-20 23:24:09,356 | INFO | new_releases | Found new release from 'Ballyhoo!': 'The Come Up'
2025-12-20 23:24:09,497 | INFO | new_releases | Found new release from 'Ballyhoo!': 'I'll Be Ok'
2025-12-20 23:24:09,665 | INFO | new_releases | Found new release from 'Ballyhoo!': 'S.T.P.'
2025-12-20 23:24:09,799 | INFO | new_releases | Found new release from 'Ballyhoo!': 'Social Drinker'
2025-12-20 23:24:09,945 | INFO | new_releases | Found new release from 'Ballyhoo!': 'Fighter'
2025-12-20 23:24:10,111 | INFO | new_releases | Found new release from 'Ballyhoo!': 'Sounds of Summer '19'
2025-12-20 23:24:10,294 | INFO | new_releases | Found new release from 'Ballyhoo!': 'Renegade'
2025-12-20 23:24:10,663 | INFO | new_releases | Found new release from 'Ballyhoo!': 'Armatage Shanks'
2025-12-20 23:24:10,801 | INFO | new_releases | Found new release from 'Ballyhoo!': 'This Chick Is Wack'
2025-12-20 23:24:11,040 | INFO | new_releases | get_new_releases returned releases=32 skipped=2
2025-12-20 23:24:11,041 | INFO | new_releases | --- Evaluating 15 new albums & EPs... ---
2025-12-20 23:24:45,947 | INFO | new_releases | --- Evaluating 17 new singles... ---
2025-12-20 23:25:17,965 | INFO | new_releases | Final download queue has 9 releases.
2025-12-20 23:25:17,965 | INFO | new_releases | DRY_RUN would download: Ballyhoo! - 808's x Coffee
2025-12-20 23:25:17,966 | INFO | new_releases | DRY_RUN would download: Ballyhoo! - Clip My Wings
2025-12-20 23:25:17,966 | INFO | new_releases | DRY_RUN would download: Ballyhoo! - The Front Porch (with Kash'd Out)
2025-12-20 23:25:17,966 | INFO | new_releases | DRY_RUN would download: Ballyhoo! - Down Down Down
2025-12-20 23:25:17,966 | INFO | new_releases | DRY_RUN would download: Ballyhoo! - Love Letters (Sad Boi Mix)
2025-12-20 23:25:17,966 | INFO | new_releases | DRY_RUN would download: Ballyhoo! - Four Days
2025-12-20 23:25:17,966 | INFO | new_releases | DRY_RUN would download: Ballyhoo! - Under the Sun (with Tropidelic)
2025-12-20 23:25:17,966 | INFO | new_releases | DRY_RUN would download: Ballyhoo! - Shellshock (with Iya Terra)
2025-12-20 23:25:17,966 | INFO | new_releases | DRY_RUN would download: Ballyhoo! - Renegade
2025-12-20 23:25:17,968 | INFO | new_releases | --- Saving fallback playlist to: /mnt/user/data/scripts/rythmx/app/runners/playlist_fallback/New Releases - 2025-12-20.csv ---
2025-12-20 23:25:17,969 | INFO | new_releases | --- Dry run complete ---
